<?xml version="1.0" encoding="UTF-8"?>
<!-- Generated by org.testng.reporters.JUnitXMLReporter -->
<testsuite ignored="0" hostname="Dinesh" failures="1" tests="6" name="Surefire test" time="42.465" errors="0" timestamp="2025-10-16T08:22:54 IST">
  <testcase classname="SelFrameWork.ErrorValidationTest" name="LoginErrorTest" time="0.616"/>
  <testcase classname="SelFrameWork.ErrorValidationTest" name="incorrectEmailOrPassword" time="0.793">
    <skipped/>
  </testcase> <!-- incorrectEmailOrPassword -->
  <testcase classname="SelFrameWork.ErrorValidationTest" name="incorrectEmailOrPassword" time="0.757">
    <failure type="java.lang.AssertionError" message="expected [Incorrect email o password.] but found []">
      <![CDATA[java.lang.AssertionError: expected [Incorrect email o password.] but found []
at SelFrameWork.ErrorValidationTest.incorrectEmailOrPassword(ErrorValidationTest.java:27)
at java.base/java.util.ArrayList.forEach(ArrayList.java:1604)
... Removed 36 stack frames]]>
    </failure>
  </testcase> <!-- incorrectEmailOrPassword -->
  <testcase classname="SelFrameWork.StandaloneTest" name="submitOrderTest" time="5.706"/>
  <testcase classname="SelFrameWork.StandaloneTest" name="submitOrderTest" time="5.603"/>
  <testcase classname="SelFrameWork.StandaloneTest" name="productConfirmation" time="1.232"/>
</testsuite> <!-- Surefire test -->
