<?xml version="1.0" encoding="UTF-8"?>
<!-- Generated by org.testng.reporters.JUnitXMLReporter -->
<testsuite ignored="0" hostname="Dinesh" failures="1" tests="3" name="ErrorValidationTest" time="29.047" errors="0" timestamp="2025-10-16T21:18:46 IST">
  <testcase classname="SelFrameWork.ErrorValidationTest" name="LoginErrorTest" time="0.432"/>
  <testcase classname="SelFrameWork.ErrorValidationTest" name="incorrectEmailOrPassword" time="0.355">
    <skipped/>
  </testcase> <!-- incorrectEmailOrPassword -->
  <testcase classname="SelFrameWork.ErrorValidationTest" name="incorrectEmailOrPassword" time="0.25">
    <failure type="java.lang.AssertionError" message="expected [Incorrect email o password.] but found [Incorrect email or password.]">
      <![CDATA[java.lang.AssertionError: expected [Incorrect email o password.] but found [Incorrect email or password.]
at SelFrameWork.ErrorValidationTest.incorrectEmailOrPassword(ErrorValidationTest.java:27)
at java.base/java.util.ArrayList.forEach(ArrayList.java:1511)
at java.base/java.util.concurrent.FutureTask.run(FutureTask.java:264)
at java.base/java.util.concurrent.ThreadPoolExecutor.runWorker(ThreadPoolExecutor.java:1136)
at java.base/java.util.concurrent.ThreadPoolExecutor$Worker.run(ThreadPoolExecutor.java:635)
at java.base/java.lang.Thread.run(Thread.java:842)
... Removed 23 stack frames]]>
    </failure>
  </testcase> <!-- incorrectEmailOrPassword -->
</testsuite> <!-- ErrorValidationTest -->
